C:\Program Files\Microsoft Visual Studio\2022\Community\MSBuild\Microsoft\VC\v170\Microsoft.CppBuild.targets(531,5): warning MSB8028: The intermediate directory (x64\Debug\) contains files shared from another project (ViewOBJModel.vcxproj).  This can lead to incorrect clean and rebuild behavior.
  ViewOBJModel.cpp
C:\Users\LENOVO\Desktop\ProiectTancodrom\ViewOBJModel\Camera.h(23,20): warning C4305: 'initializing': truncation from 'double' to 'const float'
  (compiling source file 'ViewOBJModel.cpp')
  
C:\Users\LENOVO\Desktop\ProiectTancodrom\ViewOBJModel\ViewOBJModel.cpp(242,20): warning C4244: '=': conversion from 'double' to 'T', possible loss of data
C:\Users\LENOVO\Desktop\ProiectTancodrom\ViewOBJModel\ViewOBJModel.cpp(242,20): warning C4244:         with
C:\Users\LENOVO\Desktop\ProiectTancodrom\ViewOBJModel\ViewOBJModel.cpp(242,20): warning C4244:         [
C:\Users\LENOVO\Desktop\ProiectTancodrom\ViewOBJModel\ViewOBJModel.cpp(242,20): warning C4244:             T=float
C:\Users\LENOVO\Desktop\ProiectTancodrom\ViewOBJModel\ViewOBJModel.cpp(242,20): warning C4244:         ]
C:\Users\LENOVO\Desktop\ProiectTancodrom\ViewOBJModel\ViewOBJModel.cpp(243,20): warning C4244: '=': conversion from 'double' to 'T', possible loss of data
C:\Users\LENOVO\Desktop\ProiectTancodrom\ViewOBJModel\ViewOBJModel.cpp(243,20): warning C4244:         with
C:\Users\LENOVO\Desktop\ProiectTancodrom\ViewOBJModel\ViewOBJModel.cpp(243,20): warning C4244:         [
C:\Users\LENOVO\Desktop\ProiectTancodrom\ViewOBJModel\ViewOBJModel.cpp(243,20): warning C4244:             T=float
C:\Users\LENOVO\Desktop\ProiectTancodrom\ViewOBJModel\ViewOBJModel.cpp(243,20): warning C4244:         ]
C:\Users\LENOVO\Desktop\ProiectTancodrom\ViewOBJModel\ViewOBJModel.cpp(245,18): warning C4244: '=': conversion from 'double' to 'T', possible loss of data
C:\Users\LENOVO\Desktop\ProiectTancodrom\ViewOBJModel\ViewOBJModel.cpp(245,18): warning C4244:         with
C:\Users\LENOVO\Desktop\ProiectTancodrom\ViewOBJModel\ViewOBJModel.cpp(245,18): warning C4244:         [
C:\Users\LENOVO\Desktop\ProiectTancodrom\ViewOBJModel\ViewOBJModel.cpp(245,18): warning C4244:             T=float
C:\Users\LENOVO\Desktop\ProiectTancodrom\ViewOBJModel\ViewOBJModel.cpp(245,18): warning C4244:         ]
C:\Users\LENOVO\Desktop\ProiectTancodrom\ViewOBJModel\ViewOBJModel.cpp(246,18): warning C4244: '=': conversion from 'double' to 'T', possible loss of data
C:\Users\LENOVO\Desktop\ProiectTancodrom\ViewOBJModel\ViewOBJModel.cpp(246,18): warning C4244:         with
C:\Users\LENOVO\Desktop\ProiectTancodrom\ViewOBJModel\ViewOBJModel.cpp(246,18): warning C4244:         [
C:\Users\LENOVO\Desktop\ProiectTancodrom\ViewOBJModel\ViewOBJModel.cpp(246,18): warning C4244:             T=float
C:\Users\LENOVO\Desktop\ProiectTancodrom\ViewOBJModel\ViewOBJModel.cpp(246,18): warning C4244:         ]
C:\Users\LENOVO\Desktop\ProiectTancodrom\ViewOBJModel\ViewOBJModel.cpp(281,44): warning C4244: '+=': conversion from 'double' to 'float', possible loss of data
C:\Users\LENOVO\Desktop\ProiectTancodrom\ViewOBJModel\ViewOBJModel.cpp(282,36): warning C4244: '+=': conversion from 'double' to 'float', possible loss of data
  ViewOBJModel.vcxproj -> C:\Users\LENOVO\Desktop\ProiectTancodrom\x64\Debug\ProiectTancodrom.exe
